The system is: Windows - 10.0.19042 - AMD64
Compiling the C compiler identification source file "CMakeCCompilerId.c" succeeded.
Compiler: C:/Program Files (x86)/Microsoft Visual Studio/2019/BuildTools/VC/Tools/MSVC/14.29.30133/bin/Hostx86/x86/cl.exe 
Build flags: 
Id flags:  

The output was:
0
Microsoft (R) C/C++ Optimizing Compiler Version 19.29.30136 for x86
Copyright (C) Microsoft Corporation.  All rights reserved.

CMakeCCompilerId.c
Microsoft (R) Incremental Linker Version 14.29.30136.0
Copyright (C) Microsoft Corporation.  All rights reserved.

/out:CMakeCCompilerId.exe 
CMakeCCompilerId.obj 


Compilation of the C compiler identification source "CMakeCCompilerId.c" produced "CMakeCCompilerId.exe"

Compilation of the C compiler identification source "CMakeCCompilerId.c" produced "CMakeCCompilerId.obj"

The C compiler identification is MSVC, found in "D:/Uni/C.N. - Computer Networks/UDP-C/Server/cmake-build-debug/CMakeFiles/3.19.2/CompilerIdC/CMakeCCompilerId.exe"

Compiling the CXX compiler identification source file "CMakeCXXCompilerId.cpp" succeeded.
Compiler: C:/Program Files (x86)/Microsoft Visual Studio/2019/BuildTools/VC/Tools/MSVC/14.29.30133/bin/Hostx86/x86/cl.exe 
Build flags: 
Id flags:  

The output was:
0
Microsoft (R) C/C++ Optimizing Compiler Version 19.29.30136 for x86
Copyright (C) Microsoft Corporation.  All rights reserved.

CMakeCXXCompilerId.cpp
Microsoft (R) Incremental Linker Version 14.29.30136.0
Copyright (C) Microsoft Corporation.  All rights reserved.

/out:CMakeCXXCompilerId.exe 
CMakeCXXCompilerId.obj 


Compilation of the CXX compiler identification source "CMakeCXXCompilerId.cpp" produced "CMakeCXXCompilerId.exe"

Compilation of the CXX compiler identification source "CMakeCXXCompilerId.cpp" produced "CMakeCXXCompilerId.obj"

The CXX compiler identification is MSVC, found in "D:/Uni/C.N. - Computer Networks/UDP-C/Server/cmake-build-debug/CMakeFiles/3.19.2/CompilerIdCXX/CMakeCXXCompilerId.exe"

Detecting C compiler ABI info compiled with the following output:
Change Dir: D:/Uni/C.N. - Computer Networks/UDP-C/Server/cmake-build-debug/CMakeFiles/CMakeTmp

Run Build Command(s):nmake /nologo cmTC_81f0d\fast && 	"C:\Program Files (x86)\Microsoft Visual Studio\2019\BuildTools\VC\Tools\MSVC\14.29.30133\bin\HostX86\x86\nmake.exe"  -f CMakeFiles\cmTC_81f0d.dir\build.make /nologo -L                  CMakeFiles\cmTC_81f0d.dir\build
Building C object CMakeFiles/cmTC_81f0d.dir/CMakeCCompilerABI.c.obj
	C:\PROGRA~2\MICROS~4\2019\BUILDT~1\VC\Tools\MSVC\1429~1.301\bin\Hostx86\x86\cl.exe @C:\Users\ADYh3\AppData\Local\Temp\nm3409.tmp
CMakeCCompilerABI.c
Linking C executable cmTC_81f0d.exe
	"C:\Program Files\JetBrains\CLion 2020.3.2\bin\cmake\win\bin\cmake.exe" -E vs_link_exe --intdir=CMakeFiles\cmTC_81f0d.dir --rc=C:\PROGRA~2\WI3CF2~1\10\bin\100190~1.0\x86\rc.exe --mt=C:\PROGRA~2\WI3CF2~1\10\bin\100190~1.0\x86\mt.exe --manifests -- C:\PROGRA~2\MICROS~4\2019\BUILDT~1\VC\Tools\MSVC\1429~1.301\bin\Hostx86\x86\link.exe /nologo @CMakeFiles\cmTC_81f0d.dir\objects1.rsp @C:\Users\ADYh3\AppData\Local\Temp\nm35B0.tmp



Detecting CXX compiler ABI info compiled with the following output:
Change Dir: D:/Uni/C.N. - Computer Networks/UDP-C/Server/cmake-build-debug/CMakeFiles/CMakeTmp

Run Build Command(s):nmake /nologo cmTC_5caa3\fast && 	"C:\Program Files (x86)\Microsoft Visual Studio\2019\BuildTools\VC\Tools\MSVC\14.29.30133\bin\HostX86\x86\nmake.exe"  -f CMakeFiles\cmTC_5caa3.dir\build.make /nologo -L                  CMakeFiles\cmTC_5caa3.dir\build
Building CXX object CMakeFiles/cmTC_5caa3.dir/CMakeCXXCompilerABI.cpp.obj
	C:\PROGRA~2\MICROS~4\2019\BUILDT~1\VC\Tools\MSVC\1429~1.301\bin\Hostx86\x86\cl.exe @C:\Users\ADYh3\AppData\Local\Temp\nm3987.tmp
CMakeCXXCompilerABI.cpp
Linking CXX executable cmTC_5caa3.exe
	"C:\Program Files\JetBrains\CLion 2020.3.2\bin\cmake\win\bin\cmake.exe" -E vs_link_exe --intdir=CMakeFiles\cmTC_5caa3.dir --rc=C:\PROGRA~2\WI3CF2~1\10\bin\100190~1.0\x86\rc.exe --mt=C:\PROGRA~2\WI3CF2~1\10\bin\100190~1.0\x86\mt.exe --manifests -- C:\PROGRA~2\MICROS~4\2019\BUILDT~1\VC\Tools\MSVC\1429~1.301\bin\Hostx86\x86\link.exe /nologo @CMakeFiles\cmTC_5caa3.dir\objects1.rsp @C:\Users\ADYh3\AppData\Local\Temp\nm39C7.tmp



